<?xml version="1.0" encoding="UTF-8"?>
<!-- Generated by org.testng.reporters.JUnitReportReporter -->
<testsuite skipped="0" hostname="DESKTOP-FEPQ0C3" name="org.academy.ValidateTitle" tests="1" failures="0" timestamp="2022-10-09T13:40:14 IST" time="0.058" errors="0">
  <testcase name="validateAppTitleTest" time="0.058" classname="org.academy.ValidateTitle"/>
  <system-out/>
</testsuite> <!-- org.academy.ValidateTitle -->
