<?xml version="1.0" encoding="UTF-8"?>
<!-- Generated by org.testng.reporters.JUnitReportReporter -->
<testsuite skipped="0" hostname="DESKTOP-FEPQ0C3" name="org.academy.BaseTest" tests="2" failures="0" timestamp="2022-10-09T13:40:14 IST" time="27.410" errors="0">
  <testcase name="initializeDriverTest" time="23.247" classname="org.academy.BaseTest"/>
  <system-out/>
  <testcase name="initializeDriverTest" time="4.163" classname="org.academy.BaseTest"/>
  <system-out/>
</testsuite> <!-- org.academy.BaseTest -->
