<?xml version="1.0" encoding="UTF-8"?>
<!-- Generated by org.testng.reporters.JUnitReportReporter -->
<testsuite skipped="0" hostname="DESKTOP-FEPQ0C3" name="org.academy.ValidateNavBar" tests="1" failures="0" timestamp="2022-10-09T13:40:14 IST" time="0.312" errors="0">
  <testcase name="validateNavBarTest" time="0.312" classname="org.academy.ValidateNavBar"/>
  <system-out/>
</testsuite> <!-- org.academy.ValidateNavBar -->
