<?xml version="1.0" encoding="UTF-8"?>
<!-- Generated by org.testng.reporters.JUnitReportReporter -->
<testsuite skipped="0" hostname="DESKTOP-FEPQ0C3" name="cucumberoptions.TestRunner" tests="1" failures="0" timestamp="2022-04-10T20:49:41 IST" time="79.494" errors="0">
  <testcase name="feature" time="79.494" classname="cucumberoptions.TestRunner"/>
  <system-out/>
</testsuite> <!-- cucumberoptions.TestRunner -->
