<?xml version="1.0" encoding="UTF-8"?>
<!-- Generated by org.testng.reporters.JUnitReportReporter -->
<testsuite skipped="0" hostname="DESKTOP-FEPQ0C3" name="com.practice.ExtentReport.ExtentReportDemoTest" tests="1" failures="0" timestamp="2022-03-30T20:43:23 IST" time="28.089" errors="0">
  <testcase name="initialDemo" time="28.089" classname="com.practice.ExtentReport.ExtentReportDemoTest"/>
  <system-out/>
</testsuite> <!-- com.practice.ExtentReport.ExtentReportDemoTest -->
