<?xml version="1.0" encoding="UTF-8"?>
<!-- Generated by org.testng.reporters.JUnitReportReporter -->
<testsuite skipped="0" hostname="DESKTOP-FEPQ0C3" name="exceldataprovider.DataProviderTest" tests="4" failures="0" timestamp="2022-10-08T18:21:41 IST" time="4.332" errors="0">
  <testcase name="signIn" time="1.321" classname="exceldataprovider.DataProviderTest"/>
  <system-out/>
  <testcase name="signIn" time="1.006" classname="exceldataprovider.DataProviderTest"/>
  <system-out/>
  <testcase name="signIn" time="0.999" classname="exceldataprovider.DataProviderTest"/>
  <system-out/>
  <testcase name="signIn" time="1.006" classname="exceldataprovider.DataProviderTest"/>
  <system-out/>
</testsuite> <!-- exceldataprovider.DataProviderTest -->
