<?xml version="1.0" encoding="UTF-8"?>
<!-- Generated by org.testng.reporters.JUnitReportReporter -->
<testsuite skipped="0" hostname="DESKTOP-FEPQ0C3" name="invocationcount.InvocationClass01" tests="6" failures="0" timestamp="2022-10-08T18:42:55 IST" time="0.076" errors="0">
  <testcase name="Test01" time="0.005" classname="invocationcount.InvocationClass01"/>
  <system-out/>
  <testcase name="Test01" time="0.010" classname="invocationcount.InvocationClass01"/>
  <system-out/>
  <testcase name="Test01" time="0.012" classname="invocationcount.InvocationClass01"/>
  <system-out/>
  <testcase name="Test01" time="0.016" classname="invocationcount.InvocationClass01"/>
  <system-out/>
  <testcase name="Test01" time="0.016" classname="invocationcount.InvocationClass01"/>
  <system-out/>
  <testcase name="Test01" time="0.017" classname="invocationcount.InvocationClass01"/>
  <system-out/>
</testsuite> <!-- invocationcount.InvocationClass01 -->
