<?xml version="1.0" encoding="UTF-8"?>
<!-- Generated by org.testng.reporters.JUnitReportReporter -->
<testsuite skipped="0" hostname="DESKTOP-FEPQ0C3" name="com.prac.maven.MavenFirst.SeleniumTest" tests="1" failures="0" timestamp="2022-03-30T14:38:22 IST" time="0.005" errors="0">
  <testcase name="elementsUI" time="0.005" classname="com.prac.maven.MavenFirst.SeleniumTest"/>
  <system-out/>
</testsuite> <!-- com.prac.maven.MavenFirst.SeleniumTest -->
