<?xml version="1.0" encoding="UTF-8"?>
<!-- Generated by org.testng.reporters.JUnitReportReporter -->
<testsuite skipped="0" hostname="DESKTOP-FEPQ0C3" name="com.prac.maven.MavenFirst.RestApiTest" tests="2" failures="0" timestamp="2022-03-30T14:38:22 IST" time="0.011" errors="0">
  <testcase name="deleteTwitter" time="0.008" classname="com.prac.maven.MavenFirst.RestApiTest"/>
  <system-out/>
  <testcase name="postJira" time="0.003" classname="com.prac.maven.MavenFirst.RestApiTest"/>
  <system-out/>
</testsuite> <!-- com.prac.maven.MavenFirst.RestApiTest -->
