<?xml version="1.0" encoding="UTF-8"?>
<!-- Generated by org.testng.reporters.JUnitReportReporter -->
<testsuite skipped="0" hostname="DESKTOP-FEPQ0C3" name="com.prac.maven.MavenFirst.AppiumTest" tests="2" failures="0" timestamp="2022-03-30T14:38:22 IST" time="0.032" errors="0">
  <testcase name="nativeApAndroid" time="0.010" classname="com.prac.maven.MavenFirst.AppiumTest"/>
  <system-out/>
  <testcase name="iosApps" time="0.022" classname="com.prac.maven.MavenFirst.AppiumTest"/>
  <system-out/>
</testsuite> <!-- com.prac.maven.MavenFirst.AppiumTest -->
