<?xml version="1.0" encoding="UTF-8"?>
<!-- Generated by org.testng.reporters.JUnitReportReporter -->
<testsuite skipped="1" hostname="DESKTOP-FEPQ0C3" name="com.prac.testng.Day3" tests="7" failures="0" timestamp="2022-03-29T20:45:42 IST" time="0.074" errors="0">
  <testcase name="webLoginCarLoan" time="0.003" classname="com.prac.testng.Day3"/>
  <system-out/>
  <testcase name="apiLoginCarLoan" time="0.012" classname="com.prac.testng.Day3"/>
  <system-out/>
  <testcase name="mobileLoginCarLoan" time="0.018" classname="com.prac.testng.Day3"/>
  <system-out/>
  <testcase name="mobileSigninCarLoan" time="0.011" classname="com.prac.testng.Day3"/>
  <system-out/>
  <testcase name="mobileLoginCarLoan" time="0.008" classname="com.prac.testng.Day3"/>
  <system-out/>
  <testcase name="mobileLoginCarLoan" time="0.022" classname="com.prac.testng.Day3"/>
  <system-out/>
  <testcase name="mobileSignoutCarLoan" classname="com.prac.testng.Day3">
    <skipped/>
  </testcase> <!-- mobileSignoutCarLoan -->
  <system-out/>
</testsuite> <!-- com.prac.testng.Day3 -->
