<?xml version="1.0" encoding="UTF-8"?>
<!-- Generated by org.testng.reporters.JUnitReportReporter -->
<testsuite skipped="0" hostname="DESKTOP-FEPQ0C3" name="com.prac.testng.Day1" tests="2" failures="0" timestamp="2022-10-08T16:56:29 IST" time="0.007" errors="0">
  <testcase name="demo1" time="0.005" classname="com.prac.testng.Day1"/>
  <system-out/>
  <testcase name="testDemo2" time="0.002" classname="com.prac.testng.Day1"/>
  <system-out/>
</testsuite> <!-- com.prac.testng.Day1 -->
