<?xml version="1.0" encoding="UTF-8"?>
<!-- Generated by org.testng.reporters.JUnitReportReporter -->
<testsuite skipped="0" hostname="DESKTOP-FEPQ0C3" name="com.prac.testng.Day1" tests="2" failures="0" timestamp="2022-03-29T20:45:42 IST" time="0.015" errors="0">
  <testcase name="testDemo2" time="0.006" classname="com.prac.testng.Day1"/>
  <system-out/>
  <testcase name="demo1" time="0.009" classname="com.prac.testng.Day1"/>
  <system-out/>
</testsuite> <!-- com.prac.testng.Day1 -->
