<?xml version="1.0" encoding="UTF-8"?>
<!-- Generated by org.testng.reporters.JUnitReportReporter -->
<testsuite skipped="0" hostname="DESKTOP-FEPQ0C3" name="com.prac.failedtestcase.TestClass1" tests="1" failures="0" timestamp="2022-10-08T16:56:29 IST" time="0.002" errors="0">
  <testcase name="test1" time="0.002" classname="com.prac.failedtestcase.TestClass1"/>
  <system-out/>
</testsuite> <!-- com.prac.failedtestcase.TestClass1 -->
