<?xml version="1.0" encoding="UTF-8"?>
<!-- Generated by org.testng.reporters.JUnitReportReporter -->
<testsuite skipped="0" hostname="DESKTOP-FEPQ0C3" name="com.prac.testng.Day2" tests="1" failures="0" timestamp="2022-10-08T16:56:29 IST" time="0.004" errors="0">
  <testcase name="pLoan" time="0.004" classname="com.prac.testng.Day2"/>
  <system-out/>
</testsuite> <!-- com.prac.testng.Day2 -->
