<?xml version="1.0" encoding="UTF-8"?>
<!-- Generated by org.testng.reporters.JUnitReportReporter -->
<testsuite skipped="0" hostname="DESKTOP-FEPQ0C3" name="com.prac.testng.Day4" tests="3" failures="0" timestamp="2022-03-29T20:45:42 IST" time="0.034" errors="0">
  <testcase name="mobileLoginHomeLoan" time="0.010" classname="com.prac.testng.Day4"/>
  <system-out/>
  <testcase name="webLoginHomeLoan" time="0.008" classname="com.prac.testng.Day4"/>
  <system-out/>
  <testcase name="apiLoginHomeLoan" time="0.016" classname="com.prac.testng.Day4"/>
  <system-out/>
</testsuite> <!-- com.prac.testng.Day4 -->
