<?xml version="1.0" encoding="UTF-8"?>
<!-- Generated by org.testng.reporters.JUnitReportReporter -->
<testsuite skipped="0" hostname="DESKTOP-FEPQ0C3" name="com.testcase.pf.LoginApplicationPF" tests="1" failures="0" timestamp="2022-04-03T12:16:13 IST" time="26.701" errors="0">
  <testcase name="login" time="26.701" classname="com.testcase.pf.LoginApplicationPF"/>
  <system-out/>
</testsuite> <!-- com.testcase.pf.LoginApplicationPF -->
