<?xml version="1.0" encoding="UTF-8"?>
<!-- Generated by org.testng.reporters.JUnitReportReporter -->
<testsuite skipped="0" hostname="DESKTOP-FEPQ0C3" name="com.testcase.LoginApplication" tests="1" failures="0" timestamp="2022-04-03T11:20:38 IST" time="34.834" errors="0">
  <testcase name="login" time="34.834" classname="com.testcase.LoginApplication"/>
  <system-out/>
</testsuite> <!-- com.testcase.LoginApplication -->
