<?xml version="1.0" encoding="UTF-8"?>
<!-- Generated by org.testng.reporters.JUnitReportReporter -->
<testsuite skipped="0" hostname="DESKTOP-FEPQ0C3" name="com.prac.maven.MavenFirst.SeleniumTest" tests="2" failures="0" timestamp="30 Mar 2022 12:48:55 GMT" time="0.000" errors="0">
  <testcase name="browserAutomation" time="0.000" classname="com.prac.maven.MavenFirst.SeleniumTest"/>
  <testcase name="elementsUI" time="0.000" classname="com.prac.maven.MavenFirst.SeleniumTest"/>
</testsuite> <!-- com.prac.maven.MavenFirst.SeleniumTest -->
