<?xml version="1.0" encoding="UTF-8"?>
<!-- Generated by org.testng.reporters.JUnitReportReporter -->
<testsuite skipped="0" hostname="DESKTOP-FEPQ0C3" name="com.prac.maven.MavenFirst.AppiumTest" tests="2" failures="0" timestamp="30 Mar 2022 12:48:29 GMT" time="0.001" errors="0">
  <testcase name="nativeApAndroid" time="0.001" classname="com.prac.maven.MavenFirst.AppiumTest"/>
  <testcase name="iosApps" time="0.000" classname="com.prac.maven.MavenFirst.AppiumTest"/>
</testsuite> <!-- com.prac.maven.MavenFirst.AppiumTest -->
