<?xml version="1.0" encoding="UTF-8"?>
<!-- Generated by org.testng.reporters.JUnitReportReporter -->
<testsuite skipped="0" hostname="DESKTOP-FEPQ0C3" name="com.prac.maven.MavenFirst.RestApiTest" tests="2" failures="0" timestamp="30 Mar 2022 12:48:55 GMT" time="0.011" errors="0">
  <testcase name="postJira" time="0.001" classname="com.prac.maven.MavenFirst.RestApiTest"/>
  <testcase name="deleteTwitter" time="0.010" classname="com.prac.maven.MavenFirst.RestApiTest"/>
</testsuite> <!-- com.prac.maven.MavenFirst.RestApiTest -->
