<?xml version="1.0" encoding="UTF-8"?>
<!-- Generated by org.testng.reporters.JUnitReportReporter -->
<testsuite skipped="0" hostname="DESKTOP-FEPQ0C3" name="org.practice.DynamicJson" tests="3" failures="0" timestamp="2022-04-18T21:40:00 IST" time="4.181" errors="0">
  <testcase name="addBook" time="0.360" classname="org.practice.DynamicJson"/>
  <system-out/>
  <testcase name="addBook" time="3.430" classname="org.practice.DynamicJson"/>
  <system-out/>
  <testcase name="addBook" time="0.391" classname="org.practice.DynamicJson"/>
  <system-out/>
</testsuite> <!-- org.practice.DynamicJson -->
