<?xml version="1.0" encoding="UTF-8"?>
<!-- Generated by org.testng.reporters.JUnitReportReporter -->
<testsuite skipped="0" hostname="DESKTOP-FEPQ0C3" name="org.practice.SumValidation" tests="1" failures="0" timestamp="17 Apr 2022 16:29:09 GMT" time="1.907" errors="0">
  <testcase name="sumOfCourses" time="1.907" classname="org.practice.SumValidation"/>
</testsuite> <!-- org.practice.SumValidation -->
